Determining if the pthread_create exist failed with the following output:
Change Dir: /home/felix/indigo_ws/sandbox/roche_description_gazebo/build/CMakeFiles/CMakeTmp

Run Build Command:/usr/bin/make "cmTryCompileExec2199971837/fast"
make[1]: Verzeichnis »/home/felix/indigo_ws/sandbox/roche_description_gazebo/build/CMakeFiles/CMakeTmp« wird betreten
/usr/bin/make -f CMakeFiles/cmTryCompileExec2199971837.dir/build.make CMakeFiles/cmTryCompileExec2199971837.dir/build
make[2]: Verzeichnis »/home/felix/indigo_ws/sandbox/roche_description_gazebo/build/CMakeFiles/CMakeTmp« wird betreten
/usr/bin/cmake -E cmake_progress_report /home/felix/indigo_ws/sandbox/roche_description_gazebo/build/CMakeFiles/CMakeTmp/CMakeFiles 1
Building C object CMakeFiles/cmTryCompileExec2199971837.dir/CheckSymbolExists.c.o
/usr/bin/cc    -o CMakeFiles/cmTryCompileExec2199971837.dir/CheckSymbolExists.c.o   -c /home/felix/indigo_ws/sandbox/roche_description_gazebo/build/CMakeFiles/CMakeTmp/CheckSymbolExists.c
Linking C executable cmTryCompileExec2199971837
/usr/bin/cmake -E cmake_link_script CMakeFiles/cmTryCompileExec2199971837.dir/link.txt --verbose=1
/usr/bin/cc       CMakeFiles/cmTryCompileExec2199971837.dir/CheckSymbolExists.c.o  -o cmTryCompileExec2199971837 -rdynamic 
CMakeFiles/cmTryCompileExec2199971837.dir/CheckSymbolExists.c.o: In Funktion `main':
CheckSymbolExists.c:(.text+0x16): Nicht definierter Verweis auf `pthread_create'
collect2: error: ld returned 1 exit status
make[2]: *** [cmTryCompileExec2199971837] Fehler 1
make[2]: Verzeichnis »/home/felix/indigo_ws/sandbox/roche_description_gazebo/build/CMakeFiles/CMakeTmp« wird verlassen
make[1]: Verzeichnis »/home/felix/indigo_ws/sandbox/roche_description_gazebo/build/CMakeFiles/CMakeTmp« wird verlassen
make[1]: *** [cmTryCompileExec2199971837/fast] Fehler 2

File /home/felix/indigo_ws/sandbox/roche_description_gazebo/build/CMakeFiles/CMakeTmp/CheckSymbolExists.c:
/* */
#include <pthread.h>

int main(int argc, char** argv)
{
  (void)argv;
#ifndef pthread_create
  return ((int*)(&pthread_create))[argc];
#else
  (void)argc;
  return 0;
#endif
}

Determining if the function pthread_create exists in the pthreads failed with the following output:
Change Dir: /home/felix/indigo_ws/sandbox/roche_description_gazebo/build/CMakeFiles/CMakeTmp

Run Build Command:/usr/bin/make "cmTryCompileExec2748739097/fast"
make[1]: Verzeichnis »/home/felix/indigo_ws/sandbox/roche_description_gazebo/build/CMakeFiles/CMakeTmp« wird betreten
/usr/bin/make -f CMakeFiles/cmTryCompileExec2748739097.dir/build.make CMakeFiles/cmTryCompileExec2748739097.dir/build
make[2]: Verzeichnis »/home/felix/indigo_ws/sandbox/roche_description_gazebo/build/CMakeFiles/CMakeTmp« wird betreten
/usr/bin/cmake -E cmake_progress_report /home/felix/indigo_ws/sandbox/roche_description_gazebo/build/CMakeFiles/CMakeTmp/CMakeFiles 1
Building C object CMakeFiles/cmTryCompileExec2748739097.dir/CheckFunctionExists.c.o
/usr/bin/cc   -DCHECK_FUNCTION_EXISTS=pthread_create   -o CMakeFiles/cmTryCompileExec2748739097.dir/CheckFunctionExists.c.o   -c /usr/share/cmake-2.8/Modules/CheckFunctionExists.c
Linking C executable cmTryCompileExec2748739097
/usr/bin/cmake -E cmake_link_script CMakeFiles/cmTryCompileExec2748739097.dir/link.txt --verbose=1
/usr/bin/cc   -DCHECK_FUNCTION_EXISTS=pthread_create    CMakeFiles/cmTryCompileExec2748739097.dir/CheckFunctionExists.c.o  -o cmTryCompileExec2748739097 -rdynamic -lpthreads 
/usr/bin/ld: cannot find -lpthreads
collect2: error: ld returned 1 exit status
make[2]: Verzeichnis »/home/felix/indigo_ws/sandbox/roche_description_gazebo/build/CMakeFiles/CMakeTmp« wird verlassen
make[2]: *** [cmTryCompileExec2748739097] Fehler 1
make[1]: *** [cmTryCompileExec2748739097/fast] Fehler 2
make[1]: Verzeichnis »/home/felix/indigo_ws/sandbox/roche_description_gazebo/build/CMakeFiles/CMakeTmp« wird verlassen


