Determining if the pthread_create exist failed with the following output:
Change Dir: /home/felix/indigo_ws/sandbox/roche_gazebo/build/CMakeFiles/CMakeTmp

Run Build Command:/usr/bin/make "cmTryCompileExec3185866444/fast"
make[1]: Verzeichnis »/home/felix/indigo_ws/sandbox/roche_gazebo/build/CMakeFiles/CMakeTmp« wird betreten
/usr/bin/make -f CMakeFiles/cmTryCompileExec3185866444.dir/build.make CMakeFiles/cmTryCompileExec3185866444.dir/build
make[2]: Verzeichnis »/home/felix/indigo_ws/sandbox/roche_gazebo/build/CMakeFiles/CMakeTmp« wird betreten
/usr/bin/cmake -E cmake_progress_report /home/felix/indigo_ws/sandbox/roche_gazebo/build/CMakeFiles/CMakeTmp/CMakeFiles 1
Building C object CMakeFiles/cmTryCompileExec3185866444.dir/CheckSymbolExists.c.o
/usr/bin/cc    -o CMakeFiles/cmTryCompileExec3185866444.dir/CheckSymbolExists.c.o   -c /home/felix/indigo_ws/sandbox/roche_gazebo/build/CMakeFiles/CMakeTmp/CheckSymbolExists.c
Linking C executable cmTryCompileExec3185866444
/usr/bin/cmake -E cmake_link_script CMakeFiles/cmTryCompileExec3185866444.dir/link.txt --verbose=1
/usr/bin/cc       CMakeFiles/cmTryCompileExec3185866444.dir/CheckSymbolExists.c.o  -o cmTryCompileExec3185866444 -rdynamic 
CMakeFiles/cmTryCompileExec3185866444.dir/CheckSymbolExists.c.o: In Funktion `main':
CheckSymbolExists.c:(.text+0x16): Nicht definierter Verweis auf `pthread_create'
collect2: error: ld returned 1 exit status
make[2]: *** [cmTryCompileExec3185866444] Fehler 1
make[2]: Verzeichnis »/home/felix/indigo_ws/sandbox/roche_gazebo/build/CMakeFiles/CMakeTmp« wird verlassen
make[1]: Verzeichnis »/home/felix/indigo_ws/sandbox/roche_gazebo/build/CMakeFiles/CMakeTmp« wird verlassen
make[1]: *** [cmTryCompileExec3185866444/fast] Fehler 2

File /home/felix/indigo_ws/sandbox/roche_gazebo/build/CMakeFiles/CMakeTmp/CheckSymbolExists.c:
/* */
#include <pthread.h>

int main(int argc, char** argv)
{
  (void)argv;
#ifndef pthread_create
  return ((int*)(&pthread_create))[argc];
#else
  (void)argc;
  return 0;
#endif
}

Determining if the function pthread_create exists in the pthreads failed with the following output:
Change Dir: /home/felix/indigo_ws/sandbox/roche_gazebo/build/CMakeFiles/CMakeTmp

Run Build Command:/usr/bin/make "cmTryCompileExec591584054/fast"
make[1]: Verzeichnis »/home/felix/indigo_ws/sandbox/roche_gazebo/build/CMakeFiles/CMakeTmp« wird betreten
/usr/bin/make -f CMakeFiles/cmTryCompileExec591584054.dir/build.make CMakeFiles/cmTryCompileExec591584054.dir/build
make[2]: Verzeichnis »/home/felix/indigo_ws/sandbox/roche_gazebo/build/CMakeFiles/CMakeTmp« wird betreten
/usr/bin/cmake -E cmake_progress_report /home/felix/indigo_ws/sandbox/roche_gazebo/build/CMakeFiles/CMakeTmp/CMakeFiles 1
Building C object CMakeFiles/cmTryCompileExec591584054.dir/CheckFunctionExists.c.o
/usr/bin/cc   -DCHECK_FUNCTION_EXISTS=pthread_create   -o CMakeFiles/cmTryCompileExec591584054.dir/CheckFunctionExists.c.o   -c /usr/share/cmake-2.8/Modules/CheckFunctionExists.c
Linking C executable cmTryCompileExec591584054
/usr/bin/cmake -E cmake_link_script CMakeFiles/cmTryCompileExec591584054.dir/link.txt --verbose=1
/usr/bin/cc   -DCHECK_FUNCTION_EXISTS=pthread_create    CMakeFiles/cmTryCompileExec591584054.dir/CheckFunctionExists.c.o  -o cmTryCompileExec591584054 -rdynamic -lpthreads 
/usr/bin/ld: cannot find -lpthreads
collect2: error: ld returned 1 exit status
make[2]: *** [cmTryCompileExec591584054] Fehler 1
make[2]: Verzeichnis »/home/felix/indigo_ws/sandbox/roche_gazebo/build/CMakeFiles/CMakeTmp« wird verlassen
make[1]: Verzeichnis »/home/felix/indigo_ws/sandbox/roche_gazebo/build/CMakeFiles/CMakeTmp« wird verlassen
make[1]: *** [cmTryCompileExec591584054/fast] Fehler 2


